Symlinking /home/cjy/Desktop/my_log/px4_test/px4_dir/catkin_ws/devel/share/f450_control/cmake/f450_controlConfig-version.cmake
Symlinking /home/cjy/Desktop/my_log/px4_test/px4_dir/catkin_ws/devel/share/f450_control/cmake/f450_control-msg-paths.cmake
Symlinking /home/cjy/Desktop/my_log/px4_test/px4_dir/catkin_ws/devel/share/f450_control/cmake/f450_control-msg-extras.cmake
Symlinking /home/cjy/Desktop/my_log/px4_test/px4_dir/catkin_ws/devel/share/f450_control/cmake/f450_controlConfig.cmake
Symlinking /home/cjy/Desktop/my_log/px4_test/px4_dir/catkin_ws/devel/share/gennodejs/ros/f450_control/_index.js
Symlinking /home/cjy/Desktop/my_log/px4_test/px4_dir/catkin_ws/devel/share/gennodejs/ros/f450_control/msg/flag.js
Symlinking /home/cjy/Desktop/my_log/px4_test/px4_dir/catkin_ws/devel/share/gennodejs/ros/f450_control/msg/_index.js
Symlinking /home/cjy/Desktop/my_log/px4_test/px4_dir/catkin_ws/devel/share/common-lisp/ros/f450_control/msg/_package_flag.lisp
Symlinking /home/cjy/Desktop/my_log/px4_test/px4_dir/catkin_ws/devel/share/common-lisp/ros/f450_control/msg/_package.lisp
Symlinking /home/cjy/Desktop/my_log/px4_test/px4_dir/catkin_ws/devel/share/common-lisp/ros/f450_control/msg/f450_control-msg.asd
Symlinking /home/cjy/Desktop/my_log/px4_test/px4_dir/catkin_ws/devel/share/common-lisp/ros/f450_control/msg/flag.lisp
Symlinking /home/cjy/Desktop/my_log/px4_test/px4_dir/catkin_ws/devel/share/roseus/ros/f450_control/manifest.l
Symlinking /home/cjy/Desktop/my_log/px4_test/px4_dir/catkin_ws/devel/share/roseus/ros/f450_control/msg/flag.l
Symlinking /home/cjy/Desktop/my_log/px4_test/px4_dir/catkin_ws/devel/lib/f450_control/exec_control_node
Symlinking /home/cjy/Desktop/my_log/px4_test/px4_dir/catkin_ws/devel/lib/f450_control/control_node
Symlinking /home/cjy/Desktop/my_log/px4_test/px4_dir/catkin_ws/devel/lib/python3/dist-packages/f450_control/__init__.py
Symlinking /home/cjy/Desktop/my_log/px4_test/px4_dir/catkin_ws/devel/lib/python3/dist-packages/f450_control/msg/__init__.py
Symlinking /home/cjy/Desktop/my_log/px4_test/px4_dir/catkin_ws/devel/lib/python3/dist-packages/f450_control/msg/_flag.py
Symlinking /home/cjy/Desktop/my_log/px4_test/px4_dir/catkin_ws/devel/lib/pkgconfig/f450_control.pc
Symlinking /home/cjy/Desktop/my_log/px4_test/px4_dir/catkin_ws/devel/include/f450_control/flag.h
