[  0%] Built target std_msgs_generate_messages_nodejs
[  0%] Built target std_msgs_generate_messages_eus
[  0%] Built target std_msgs_generate_messages_cpp
[  0%] Built target std_msgs_generate_messages_py
[35m[1mConsolidate compiler generated dependencies of target control_node[0m
[  0%] Built target std_msgs_generate_messages_lisp
[35m[1mConsolidate compiler generated dependencies of target exec_control_node[0m
[  9%] [32mBuilding CXX object CMakeFiles/control_node.dir/src/control.cpp.o[0m
[ 18%] [32mBuilding CXX object CMakeFiles/exec_control_node.dir/src/exec_control.cpp.o[0m
[ 18%] Built target _f450_control_generate_messages_check_deps_flag
[ 45%] Built target f450_control_generate_messages_py
[ 45%] Built target f450_control_generate_messages_cpp
[ 54%] Built target f450_control_generate_messages_nodejs
[ 63%] Built target f450_control_generate_messages_lisp
[ 81%] Built target f450_control_generate_messages_eus
[ 81%] Built target f450_control_generate_messages
[ 90%] [32m[1mLinking CXX executable /home/cjy/drone/mavros/catkin_ws/devel/.private/f450_control/lib/f450_control/exec_control_node[0m
[ 90%] Built target exec_control_node
[100%] [32m[1mLinking CXX executable /home/cjy/drone/mavros/catkin_ws/devel/.private/f450_control/lib/f450_control/control_node[0m
[100%] Built target control_node
