[  0%] Built target roscpp_generate_messages_lisp
[  0%] Built target std_msgs_generate_messages_nodejs
[  0%] Built target roscpp_generate_messages_cpp
[  0%] Built target std_msgs_generate_messages_lisp
[  0%] Built target rosgraph_msgs_generate_messages_eus
[  0%] Built target std_msgs_generate_messages_eus
[  0%] Built target roscpp_generate_messages_eus
[  0%] Built target dynamic_reconfigure_generate_messages_eus
[  0%] Built target dynamic_reconfigure_generate_messages_cpp
[  0%] Built target rosgraph_msgs_generate_messages_py
[  0%] Built target dynamic_reconfigure_gencfg
[  8%] Built target pid_gencfg
[  0%] Built target rosgraph_msgs_generate_messages_lisp
[  8%] Built target rosgraph_msgs_generate_messages_cpp
[  8%] Built target std_msgs_generate_messages_cpp
[  8%] Built target roscpp_generate_messages_nodejs
[  8%] Built target roscpp_generate_messages_py
[  8%] Built target rosgraph_msgs_generate_messages_nodejs
[  8%] Built target std_msgs_generate_messages_py
[  8%] Built target dynamic_reconfigure_generate_messages_nodejs
[  8%] Built target dynamic_reconfigure_generate_messages_py
[  8%] Built target dynamic_reconfigure_generate_messages_lisp
[ 25%] Built target sim_time
[ 66%] Built target plant_sim
[ 66%] Built target autotune
[ 66%] [32mBuilding CXX object CMakeFiles/setpoint_node.dir/src/setpoint_node.cpp.o[0m
[ 91%] Built target controller
[100%] [32m[1mLinking CXX executable /home/cjy/drone/mavros/catkin_ws/devel/.private/pid/lib/pid/setpoint_node[0m
[100%] Built target setpoint_node
