Performing C SOURCE FILE Test CMAKE_HAVE_LIBC_PTHREAD failed with the following output:
Change Dir: /home/cjy/Desktop/my_log/px4_test/px4_dir/catkin_ws/build/offboard_py/CMakeFiles/CMakeTmp

Run Build Command(s):/usr/bin/make cmTC_27383/fast && /usr/bin/make -f CMakeFiles/cmTC_27383.dir/build.make CMakeFiles/cmTC_27383.dir/build
make[1]: 进入目录“/home/cjy/Desktop/my_log/px4_test/px4_dir/catkin_ws/build/offboard_py/CMakeFiles/CMakeTmp”
Building C object CMakeFiles/cmTC_27383.dir/src.c.o
/usr/bin/cc   -DCMAKE_HAVE_LIBC_PTHREAD   -o CMakeFiles/cmTC_27383.dir/src.c.o   -c /home/cjy/Desktop/my_log/px4_test/px4_dir/catkin_ws/build/offboard_py/CMakeFiles/CMakeTmp/src.c
Linking C executable cmTC_27383
/usr/bin/cmake -E cmake_link_script CMakeFiles/cmTC_27383.dir/link.txt --verbose=1
/usr/bin/cc  -DCMAKE_HAVE_LIBC_PTHREAD    -rdynamic CMakeFiles/cmTC_27383.dir/src.c.o  -o cmTC_27383 
/usr/bin/ld: CMakeFiles/cmTC_27383.dir/src.c.o: in function `main':
src.c:(.text+0x46): undefined reference to `pthread_create'
/usr/bin/ld: src.c:(.text+0x52): undefined reference to `pthread_detach'
/usr/bin/ld: src.c:(.text+0x63): undefined reference to `pthread_join'
collect2: error: ld returned 1 exit status
make[1]: *** [CMakeFiles/cmTC_27383.dir/build.make:87：cmTC_27383] 错误 1
make[1]: 离开目录“/home/cjy/Desktop/my_log/px4_test/px4_dir/catkin_ws/build/offboard_py/CMakeFiles/CMakeTmp”
make: *** [Makefile:121：cmTC_27383/fast] 错误 2


Source file was:
#include <pthread.h>

void* test_func(void* data)
{
  return data;
}

int main(void)
{
  pthread_t thread;
  pthread_create(&thread, NULL, test_func, NULL);
  pthread_detach(thread);
  pthread_join(thread, NULL);
  pthread_atfork(NULL, NULL, NULL);
  pthread_exit(NULL);

  return 0;
}

Determining if the function pthread_create exists in the pthreads failed with the following output:
Change Dir: /home/cjy/Desktop/my_log/px4_test/px4_dir/catkin_ws/build/offboard_py/CMakeFiles/CMakeTmp

Run Build Command(s):/usr/bin/make cmTC_7f647/fast && /usr/bin/make -f CMakeFiles/cmTC_7f647.dir/build.make CMakeFiles/cmTC_7f647.dir/build
make[1]: 进入目录“/home/cjy/Desktop/my_log/px4_test/px4_dir/catkin_ws/build/offboard_py/CMakeFiles/CMakeTmp”
Building C object CMakeFiles/cmTC_7f647.dir/CheckFunctionExists.c.o
/usr/bin/cc   -DCHECK_FUNCTION_EXISTS=pthread_create   -o CMakeFiles/cmTC_7f647.dir/CheckFunctionExists.c.o   -c /usr/share/cmake-3.16/Modules/CheckFunctionExists.c
Linking C executable cmTC_7f647
/usr/bin/cmake -E cmake_link_script CMakeFiles/cmTC_7f647.dir/link.txt --verbose=1
/usr/bin/cc  -DCHECK_FUNCTION_EXISTS=pthread_create    -rdynamic CMakeFiles/cmTC_7f647.dir/CheckFunctionExists.c.o  -o cmTC_7f647  -lpthreads 
/usr/bin/ld: 找不到 -lpthreads
collect2: error: ld returned 1 exit status
make[1]: *** [CMakeFiles/cmTC_7f647.dir/build.make:87：cmTC_7f647] 错误 1
make[1]: 离开目录“/home/cjy/Desktop/my_log/px4_test/px4_dir/catkin_ws/build/offboard_py/CMakeFiles/CMakeTmp”
make: *** [Makefile:121：cmTC_7f647/fast] 错误 2



