Linked: (/home/cjy/Desktop/my_log/px4_test/px4_dir/catkin_ws/devel/.private/f450_vision/share/f450_vision/cmake/f450_vision-msg-paths.cmake, /home/cjy/Desktop/my_log/px4_test/px4_dir/catkin_ws/devel/share/f450_vision/cmake/f450_vision-msg-paths.cmake)
Linked: (/home/cjy/Desktop/my_log/px4_test/px4_dir/catkin_ws/devel/.private/f450_vision/share/f450_vision/cmake/f450_vision-msg-extras.cmake, /home/cjy/Desktop/my_log/px4_test/px4_dir/catkin_ws/devel/share/f450_vision/cmake/f450_vision-msg-extras.cmake)
Linked: (/home/cjy/Desktop/my_log/px4_test/px4_dir/catkin_ws/devel/.private/f450_vision/share/f450_vision/cmake/f450_visionConfig.cmake, /home/cjy/Desktop/my_log/px4_test/px4_dir/catkin_ws/devel/share/f450_vision/cmake/f450_visionConfig.cmake)
Linked: (/home/cjy/Desktop/my_log/px4_test/px4_dir/catkin_ws/devel/.private/f450_vision/share/f450_vision/cmake/f450_visionConfig-version.cmake, /home/cjy/Desktop/my_log/px4_test/px4_dir/catkin_ws/devel/share/f450_vision/cmake/f450_visionConfig-version.cmake)
Linked: (/home/cjy/Desktop/my_log/px4_test/px4_dir/catkin_ws/devel/.private/f450_vision/share/gennodejs/ros/f450_vision/_index.js, /home/cjy/Desktop/my_log/px4_test/px4_dir/catkin_ws/devel/share/gennodejs/ros/f450_vision/_index.js)
Linked: (/home/cjy/Desktop/my_log/px4_test/px4_dir/catkin_ws/devel/.private/f450_vision/share/gennodejs/ros/f450_vision/msg/box.js, /home/cjy/Desktop/my_log/px4_test/px4_dir/catkin_ws/devel/share/gennodejs/ros/f450_vision/msg/box.js)
Linked: (/home/cjy/Desktop/my_log/px4_test/px4_dir/catkin_ws/devel/.private/f450_vision/share/gennodejs/ros/f450_vision/msg/_index.js, /home/cjy/Desktop/my_log/px4_test/px4_dir/catkin_ws/devel/share/gennodejs/ros/f450_vision/msg/_index.js)
Linked: (/home/cjy/Desktop/my_log/px4_test/px4_dir/catkin_ws/devel/.private/f450_vision/share/common-lisp/ros/f450_vision/msg/_package_box.lisp, /home/cjy/Desktop/my_log/px4_test/px4_dir/catkin_ws/devel/share/common-lisp/ros/f450_vision/msg/_package_box.lisp)
Linked: (/home/cjy/Desktop/my_log/px4_test/px4_dir/catkin_ws/devel/.private/f450_vision/share/common-lisp/ros/f450_vision/msg/f450_vision-msg.asd, /home/cjy/Desktop/my_log/px4_test/px4_dir/catkin_ws/devel/share/common-lisp/ros/f450_vision/msg/f450_vision-msg.asd)
Linked: (/home/cjy/Desktop/my_log/px4_test/px4_dir/catkin_ws/devel/.private/f450_vision/share/common-lisp/ros/f450_vision/msg/box.lisp, /home/cjy/Desktop/my_log/px4_test/px4_dir/catkin_ws/devel/share/common-lisp/ros/f450_vision/msg/box.lisp)
Linked: (/home/cjy/Desktop/my_log/px4_test/px4_dir/catkin_ws/devel/.private/f450_vision/share/common-lisp/ros/f450_vision/msg/_package.lisp, /home/cjy/Desktop/my_log/px4_test/px4_dir/catkin_ws/devel/share/common-lisp/ros/f450_vision/msg/_package.lisp)
Linked: (/home/cjy/Desktop/my_log/px4_test/px4_dir/catkin_ws/devel/.private/f450_vision/share/roseus/ros/f450_vision/manifest.l, /home/cjy/Desktop/my_log/px4_test/px4_dir/catkin_ws/devel/share/roseus/ros/f450_vision/manifest.l)
Linked: (/home/cjy/Desktop/my_log/px4_test/px4_dir/catkin_ws/devel/.private/f450_vision/share/roseus/ros/f450_vision/msg/box.l, /home/cjy/Desktop/my_log/px4_test/px4_dir/catkin_ws/devel/share/roseus/ros/f450_vision/msg/box.l)
Linked: (/home/cjy/Desktop/my_log/px4_test/px4_dir/catkin_ws/devel/.private/f450_vision/lib/f450_vision/cmake.lock, /home/cjy/Desktop/my_log/px4_test/px4_dir/catkin_ws/devel/lib/f450_vision/cmake.lock)
Linked: (/home/cjy/Desktop/my_log/px4_test/px4_dir/catkin_ws/devel/.private/f450_vision/lib/f450_vision/vision.py, /home/cjy/Desktop/my_log/px4_test/px4_dir/catkin_ws/devel/lib/f450_vision/vision.py)
Linked: (/home/cjy/Desktop/my_log/px4_test/px4_dir/catkin_ws/devel/.private/f450_vision/lib/python3/dist-packages/f450_vision/__init__.py, /home/cjy/Desktop/my_log/px4_test/px4_dir/catkin_ws/devel/lib/python3/dist-packages/f450_vision/__init__.py)
Linked: (/home/cjy/Desktop/my_log/px4_test/px4_dir/catkin_ws/devel/.private/f450_vision/lib/python3/dist-packages/f450_vision/msg/_box.py, /home/cjy/Desktop/my_log/px4_test/px4_dir/catkin_ws/devel/lib/python3/dist-packages/f450_vision/msg/_box.py)
Linked: (/home/cjy/Desktop/my_log/px4_test/px4_dir/catkin_ws/devel/.private/f450_vision/lib/python3/dist-packages/f450_vision/msg/__init__.py, /home/cjy/Desktop/my_log/px4_test/px4_dir/catkin_ws/devel/lib/python3/dist-packages/f450_vision/msg/__init__.py)
Linked: (/home/cjy/Desktop/my_log/px4_test/px4_dir/catkin_ws/devel/.private/f450_vision/lib/pkgconfig/f450_vision.pc, /home/cjy/Desktop/my_log/px4_test/px4_dir/catkin_ws/devel/lib/pkgconfig/f450_vision.pc)
Linked: (/home/cjy/Desktop/my_log/px4_test/px4_dir/catkin_ws/devel/.private/f450_vision/include/f450_vision/box.h, /home/cjy/Desktop/my_log/px4_test/px4_dir/catkin_ws/devel/include/f450_vision/box.h)
