Symlinking /home/cjy/Desktop/my_log/px4_test/px4_dir/catkin_ws/devel/share/f450_vision/cmake/f450_vision-msg-paths.cmake
Symlinking /home/cjy/Desktop/my_log/px4_test/px4_dir/catkin_ws/devel/share/f450_vision/cmake/f450_vision-msg-extras.cmake
Symlinking /home/cjy/Desktop/my_log/px4_test/px4_dir/catkin_ws/devel/share/f450_vision/cmake/f450_visionConfig.cmake
Symlinking /home/cjy/Desktop/my_log/px4_test/px4_dir/catkin_ws/devel/share/f450_vision/cmake/f450_visionConfig-version.cmake
Symlinking /home/cjy/Desktop/my_log/px4_test/px4_dir/catkin_ws/devel/share/gennodejs/ros/f450_vision/_index.js
Symlinking /home/cjy/Desktop/my_log/px4_test/px4_dir/catkin_ws/devel/share/gennodejs/ros/f450_vision/msg/box.js
Symlinking /home/cjy/Desktop/my_log/px4_test/px4_dir/catkin_ws/devel/share/gennodejs/ros/f450_vision/msg/_index.js
Symlinking /home/cjy/Desktop/my_log/px4_test/px4_dir/catkin_ws/devel/share/common-lisp/ros/f450_vision/msg/_package_box.lisp
Symlinking /home/cjy/Desktop/my_log/px4_test/px4_dir/catkin_ws/devel/share/common-lisp/ros/f450_vision/msg/f450_vision-msg.asd
Symlinking /home/cjy/Desktop/my_log/px4_test/px4_dir/catkin_ws/devel/share/common-lisp/ros/f450_vision/msg/box.lisp
Symlinking /home/cjy/Desktop/my_log/px4_test/px4_dir/catkin_ws/devel/share/common-lisp/ros/f450_vision/msg/_package.lisp
Symlinking /home/cjy/Desktop/my_log/px4_test/px4_dir/catkin_ws/devel/share/roseus/ros/f450_vision/manifest.l
Symlinking /home/cjy/Desktop/my_log/px4_test/px4_dir/catkin_ws/devel/share/roseus/ros/f450_vision/msg/box.l
Symlinking /home/cjy/Desktop/my_log/px4_test/px4_dir/catkin_ws/devel/lib/f450_vision/cmake.lock
Symlinking /home/cjy/Desktop/my_log/px4_test/px4_dir/catkin_ws/devel/lib/f450_vision/vision.py
Symlinking /home/cjy/Desktop/my_log/px4_test/px4_dir/catkin_ws/devel/lib/python3/dist-packages/f450_vision/__init__.py
Symlinking /home/cjy/Desktop/my_log/px4_test/px4_dir/catkin_ws/devel/lib/python3/dist-packages/f450_vision/msg/_box.py
Symlinking /home/cjy/Desktop/my_log/px4_test/px4_dir/catkin_ws/devel/lib/python3/dist-packages/f450_vision/msg/__init__.py
Symlinking /home/cjy/Desktop/my_log/px4_test/px4_dir/catkin_ws/devel/lib/pkgconfig/f450_vision.pc
Symlinking /home/cjy/Desktop/my_log/px4_test/px4_dir/catkin_ws/devel/include/f450_vision/box.h
