Performing C SOURCE FILE Test CMAKE_HAVE_LIBC_PTHREAD failed with the following output:
Change Dir: /home/cjy/drone/mavros/catkin_ws/build/pid/CMakeFiles/CMakeTmp

Run Build Command(s):/usr/bin/make -f Makefile cmTC_2e353/fast && /usr/bin/make  -f CMakeFiles/cmTC_2e353.dir/build.make CMakeFiles/cmTC_2e353.dir/build
make[1]: Entering directory '/home/cjy/drone/mavros/catkin_ws/build/pid/CMakeFiles/CMakeTmp'
Building C object CMakeFiles/cmTC_2e353.dir/src.c.o
/usr/bin/cc -DCMAKE_HAVE_LIBC_PTHREAD   -o CMakeFiles/cmTC_2e353.dir/src.c.o -c /home/cjy/drone/mavros/catkin_ws/build/pid/CMakeFiles/CMakeTmp/src.c
Linking C executable cmTC_2e353
/home/cjy/cmake-3.20.0-linux-x86_64/bin/cmake -E cmake_link_script CMakeFiles/cmTC_2e353.dir/link.txt --verbose=1
/usr/bin/cc -rdynamic CMakeFiles/cmTC_2e353.dir/src.c.o -o cmTC_2e353 
/usr/bin/ld: CMakeFiles/cmTC_2e353.dir/src.c.o: in function `main':
src.c:(.text+0x46): undefined reference to `pthread_create'
/usr/bin/ld: src.c:(.text+0x52): undefined reference to `pthread_detach'
/usr/bin/ld: src.c:(.text+0x5e): undefined reference to `pthread_cancel'
/usr/bin/ld: src.c:(.text+0x6f): undefined reference to `pthread_join'
collect2: error: ld returned 1 exit status
make[1]: *** [CMakeFiles/cmTC_2e353.dir/build.make:99: cmTC_2e353] Error 1
make[1]: Leaving directory '/home/cjy/drone/mavros/catkin_ws/build/pid/CMakeFiles/CMakeTmp'
make: *** [Makefile:127: cmTC_2e353/fast] Error 2


Source file was:
#include <pthread.h>

static void* test_func(void* data)
{
  return data;
}

int main(void)
{
  pthread_t thread;
  pthread_create(&thread, NULL, test_func, NULL);
  pthread_detach(thread);
  pthread_cancel(thread);
  pthread_join(thread, NULL);
  pthread_atfork(NULL, NULL, NULL);
  pthread_exit(NULL);

  return 0;
}

Determining if the function pthread_create exists in the pthreads failed with the following output:
Change Dir: /home/cjy/drone/mavros/catkin_ws/build/pid/CMakeFiles/CMakeTmp

Run Build Command(s):/usr/bin/make -f Makefile cmTC_ec46a/fast && /usr/bin/make  -f CMakeFiles/cmTC_ec46a.dir/build.make CMakeFiles/cmTC_ec46a.dir/build
make[1]: Entering directory '/home/cjy/drone/mavros/catkin_ws/build/pid/CMakeFiles/CMakeTmp'
Building C object CMakeFiles/cmTC_ec46a.dir/CheckFunctionExists.c.o
/usr/bin/cc   -DCHECK_FUNCTION_EXISTS=pthread_create -o CMakeFiles/cmTC_ec46a.dir/CheckFunctionExists.c.o -c /home/cjy/cmake-3.20.0-linux-x86_64/share/cmake-3.20/Modules/CheckFunctionExists.c
Linking C executable cmTC_ec46a
/home/cjy/cmake-3.20.0-linux-x86_64/bin/cmake -E cmake_link_script CMakeFiles/cmTC_ec46a.dir/link.txt --verbose=1
/usr/bin/cc  -DCHECK_FUNCTION_EXISTS=pthread_create -rdynamic CMakeFiles/cmTC_ec46a.dir/CheckFunctionExists.c.o -o cmTC_ec46a  -lpthreads 
/usr/bin/ld: cannot find -lpthreads
collect2: error: ld returned 1 exit status
make[1]: *** [CMakeFiles/cmTC_ec46a.dir/build.make:99: cmTC_ec46a] Error 1
make[1]: Leaving directory '/home/cjy/drone/mavros/catkin_ws/build/pid/CMakeFiles/CMakeTmp'
make: *** [Makefile:127: cmTC_ec46a/fast] Error 2



